2026-03-01 11:19:42,003 - __main__ - INFO - 🚀 Парсер инициализирован
2026-03-01 11:19:42,003 - __main__ - INFO - ============================================================
2026-03-01 11:19:42,003 - __main__ - INFO - 🚀 ЗАПУСК ПРОФЕССИОНАЛЬНОГО ПАРСЕРА
2026-03-01 11:19:42,003 - __main__ - INFO - ============================================================
2026-03-01 11:19:42,003 - __main__ - INFO - 🔍 Начинаем обход страниц...
2026-03-01 11:19:42,340 - __main__ - INFO - ✅ Страница 1 загружена (попытка 1)
2026-03-01 11:19:43,657 - __main__ - INFO - ✅ Страница 2 загружена (попытка 1)
2026-03-01 11:19:44,820 - __main__ - INFO - ✅ Страница 3 загружена (попытка 1)
2026-03-01 11:19:45,981 - __main__ - INFO - ✅ Страница 4 загружена (попытка 1)
2026-03-01 11:19:47,148 - __main__ - INFO - ✅ Страница 5 загружена (попытка 1)
2026-03-01 11:19:48,313 - __main__ - INFO - ✅ Страница 6 загружена (попытка 1)
2026-03-01 11:19:49,476 - __main__ - INFO - ✅ Страница 7 загружена (попытка 1)
2026-03-01 11:19:50,641 - __main__ - INFO - ✅ Страница 8 загружена (попытка 1)
2026-03-01 11:19:51,815 - __main__ - INFO - ✅ Страница 9 загружена (попытка 1)
2026-03-01 11:19:52,978 - __main__ - INFO - ✅ Страница 10 загружена (попытка 1)
2026-03-01 11:19:52,979 - __main__ - INFO - 🏁 Достигнута последняя страница. Всего: 10
2026-03-01 11:19:52,979 - __main__ - INFO - 🔄 Начинаем обработку 10 страниц...
2026-03-01 11:19:52,992 - __main__ - WARNING - Цитата с подозрительной длиной: 1084 символов
2026-03-01 11:19:52,992 - __main__ - WARNING - ❌ Невалидная цитата на стр. 2
2026-03-01 11:19:52,992 - __main__ - WARNING - Цитата с подозрительной длиной: 697 символов
2026-03-01 11:19:52,992 - __main__ - WARNING - ❌ Невалидная цитата на стр. 2
2026-03-01 11:19:52,997 - __main__ - WARNING - Цитата с подозрительной длиной: 516 символов
2026-03-01 11:19:52,997 - __main__ - WARNING - ❌ Невалидная цитата на стр. 7
2026-03-01 11:19:53,000 - __main__ - INFO - 📊 Статистика: найдено 100, уникальных 97, дубликатов 0
2026-03-01 11:19:53,004 - __main__ - INFO - 💾 Сохранено 97 цитат в quotes_complete_20260301_111953.json
2026-03-01 11:19:53,006 - __main__ - INFO - 💾 Читаемая версия: quotes_readable_20260301_111953.txt
2026-03-01 11:19:53,006 - __main__ - INFO - ============================================================
2026-03-01 11:19:53,006 - __main__ - INFO - 📊 ИТОГОВАЯ СТАТИСТИКА
2026-03-01 11:19:53,006 - __main__ - INFO - ============================================================
2026-03-01 11:19:53,006 - __main__ - INFO - ⏱️  Время выполнения: 11.0 секунд
2026-03-01 11:19:53,006 - __main__ - INFO - 📄 Страниц обработано: 10
2026-03-01 11:19:53,006 - __main__ - INFO - 💬 Всего цитат: 97
2026-03-01 11:19:53,006 - __main__ - INFO - 🏆 Топ-5 авторов:
2026-03-01 11:19:53,006 - __main__ - INFO -    • Albert Einstein: 10
2026-03-01 11:19:53,006 - __main__ - INFO -    • J.K. Rowling: 9
2026-03-01 11:19:53,006 - __main__ - INFO -    • Marilyn Monroe: 6
2026-03-01 11:19:53,006 - __main__ - INFO -    • Dr. Seuss: 6
2026-03-01 11:19:53,007 - __main__ - INFO -    • Mark Twain: 6
2026-03-01 11:19:53,007 - __main__ - INFO - 🏷️  Топ-5 тегов:
2026-03-01 11:19:53,007 - __main__ - INFO -    • #inspirational: 12
2026-03-01 11:19:53,007 - __main__ - INFO -    • #life: 12
2026-03-01 11:19:53,007 - __main__ - INFO -    • #humor: 12
2026-03-01 11:19:53,007 - __main__ - INFO -    • #books: 11
2026-03-01 11:19:53,007 - __main__ - INFO -    • #love: 11
2026-03-01 11:19:53,007 - __main__ - INFO - ============================================================
2026-03-01 11:19:53,007 - __main__ - INFO - 👋 Парсер завершил работу
