2026-02-28 23:15:16,681 - __main__ - INFO - 🚀 Парсер инициализирован
2026-02-28 23:15:16,681 - __main__ - INFO - ============================================================
2026-02-28 23:15:16,681 - __main__ - INFO - 🚀 ЗАПУСК ПРОФЕССИОНАЛЬНОГО ПАРСЕРА
2026-02-28 23:15:16,681 - __main__ - INFO - ============================================================
2026-02-28 23:15:16,682 - __main__ - INFO - 🔍 Начинаем обход страниц...
2026-02-28 23:15:17,060 - __main__ - INFO - ✅ Страница 1 загружена (попытка 1)
2026-02-28 23:15:18,395 - __main__ - INFO - ✅ Страница 2 загружена (попытка 1)
2026-02-28 23:15:19,581 - __main__ - INFO - ✅ Страница 3 загружена (попытка 1)
2026-02-28 23:15:20,769 - __main__ - INFO - ✅ Страница 4 загружена (попытка 1)
2026-02-28 23:15:21,946 - __main__ - INFO - ✅ Страница 5 загружена (попытка 1)
2026-02-28 23:15:23,135 - __main__ - INFO - ✅ Страница 6 загружена (попытка 1)
2026-02-28 23:15:24,326 - __main__ - INFO - ✅ Страница 7 загружена (попытка 1)
2026-02-28 23:15:25,517 - __main__ - INFO - ✅ Страница 8 загружена (попытка 1)
2026-02-28 23:15:26,710 - __main__ - INFO - ✅ Страница 9 загружена (попытка 1)
2026-02-28 23:15:27,911 - __main__ - INFO - ✅ Страница 10 загружена (попытка 1)
2026-02-28 23:15:27,914 - __main__ - INFO - 🏁 Достигнута последняя страница. Всего: 10
2026-02-28 23:15:27,914 - __main__ - INFO - 🔄 Начинаем обработку 10 страниц...
2026-02-28 23:15:27,945 - __main__ - WARNING - Цитата с подозрительной длиной: 1084 символов
2026-02-28 23:15:27,945 - __main__ - WARNING - ❌ Невалидная цитата на стр. 2
2026-02-28 23:15:27,946 - __main__ - WARNING - Цитата с подозрительной длиной: 697 символов
2026-02-28 23:15:27,946 - __main__ - WARNING - ❌ Невалидная цитата на стр. 2
2026-02-28 23:15:27,953 - __main__ - WARNING - Цитата с подозрительной длиной: 516 символов
2026-02-28 23:15:27,954 - __main__ - WARNING - ❌ Невалидная цитата на стр. 7
2026-02-28 23:15:27,958 - __main__ - INFO - 📊 Статистика: найдено 100, уникальных 97, дубликатов 0
2026-02-28 23:15:27,963 - __main__ - INFO - 💾 Сохранено 97 цитат в quotes_complete_20260228_231527.json
2026-02-28 23:15:27,965 - __main__ - INFO - 💾 Читаемая версия: quotes_readable_20260228_231527.txt
2026-02-28 23:15:27,965 - __main__ - INFO - ============================================================
2026-02-28 23:15:27,965 - __main__ - INFO - 📊 ИТОГОВАЯ СТАТИСТИКА
2026-02-28 23:15:27,965 - __main__ - INFO - ============================================================
2026-02-28 23:15:27,965 - __main__ - INFO - ⏱️  Время выполнения: 11.3 секунд
2026-02-28 23:15:27,965 - __main__ - INFO - 📄 Страниц обработано: 10
2026-02-28 23:15:27,965 - __main__ - INFO - 💬 Всего цитат: 97
2026-02-28 23:15:27,965 - __main__ - INFO - 🏆 Топ-5 авторов:
2026-02-28 23:15:27,966 - __main__ - INFO -    • Albert Einstein: 10
2026-02-28 23:15:27,966 - __main__ - INFO -    • J.K. Rowling: 9
2026-02-28 23:15:27,966 - __main__ - INFO -    • Marilyn Monroe: 6
2026-02-28 23:15:27,966 - __main__ - INFO -    • Dr. Seuss: 6
2026-02-28 23:15:27,966 - __main__ - INFO -    • Mark Twain: 6
2026-02-28 23:15:27,966 - __main__ - INFO - 🏷️  Топ-5 тегов:
2026-02-28 23:15:27,966 - __main__ - INFO -    • #inspirational: 12
2026-02-28 23:15:27,966 - __main__ - INFO -    • #life: 12
2026-02-28 23:15:27,966 - __main__ - INFO -    • #humor: 12
2026-02-28 23:15:27,966 - __main__ - INFO -    • #books: 11
2026-02-28 23:15:27,966 - __main__ - INFO -    • #love: 11
2026-02-28 23:15:27,967 - __main__ - INFO - ============================================================
2026-02-28 23:15:27,967 - __main__ - INFO - 👋 Парсер завершил работу
