17:34:41 | INFO     | ============================================================
17:34:41 | INFO     | ЗАПУСК СИСТЕМЫ МОНИТОРИНГА ЦЕН (УЧЕБНАЯ ВЕРСИЯ)
17:34:41 | INFO     | ============================================================
17:34:41 | ERROR    | ❌ Ошибка загрузки конфигурации: Expecting property name enclosed in double quotes: line 22 column 43 (char 527)
17:37:40 | INFO     | ============================================================
17:37:40 | INFO     | ЗАПУСК СИСТЕМЫ МОНИТОРИНГА ЦЕН (УЧЕБНАЯ ВЕРСИЯ)
17:37:40 | INFO     | ============================================================
17:37:40 | INFO     | ✅ Конфигурация успешно загружена
17:37:40 | INFO     | ✅ База данных инициализирована: data\prices.db
17:37:40 | INFO     | ✅ Все компоненты системы инициализированы
17:37:40 | INFO     | ============================================================
17:37:40 | INFO     | ============================================================
17:37:40 | INFO     | 🔄 ЗАПУСК В РЕЖИМЕ ОДНОКРАТНОЙ ОБРАБОТКИ
17:37:40 | INFO     | ============================================================
17:37:40 | INFO     | 🔍 Обработка: A Light in the Attic (книга)
17:37:40 | INFO     |    URL: https://books.toscrape.com/catalogue/a-light-in-the-attic_1000/index.html
17:37:41 | INFO     | 💰 Текущая цена: 51.77 GBP
17:37:41 | INFO     | 💾 Первое сохранение цены: 51.77
17:37:43 | INFO     | 🔍 Обработка: Tipping the Velvet (книга)
17:37:43 | INFO     |    URL: https://books.toscrape.com/catalogue/tipping-the-velvet_999/index.html
17:37:43 | INFO     | 💰 Текущая цена: 53.74 GBP
17:37:43 | INFO     | 💾 Первое сохранение цены: 53.74
17:37:45 | INFO     | 🔍 Обработка: Soumission (книга)
17:37:45 | INFO     |    URL: https://books.toscrape.com/catalogue/soumission_998/index.html
17:37:46 | INFO     | 💰 Текущая цена: 50.10 GBP
17:37:46 | INFO     | 💾 Первое сохранение цены: 50.10
17:37:46 | INFO     | 🔔 Уведомление: цена ниже порога (50.10 < 55.00)
17:37:48 | INFO     | 🔍 Обработка: Random Quote (цитаты)
17:37:48 | INFO     |    URL: https://quotes.toscrape.com/
17:37:49 | INFO     | 💰 Текущая цена: 86.47 RUB
17:37:49 | INFO     | 💾 Первое сохранение цены: 86.47
17:37:49 | INFO     | 🔔 Уведомление: цена ниже порога (86.47 < 100.00)
17:37:51 | INFO     | 🔍 Обработка: HTTP Test (тестовый)
17:37:51 | INFO     |    URL: https://httpbin.org/anything
17:37:52 | INFO     | 💰 Текущая цена: 1390.56 RUB
17:37:52 | INFO     | 💾 Первое сохранение цены: 1390.56
17:37:54 | INFO     | ============================================================
17:37:54 | INFO     | 📊 СТАТИСТИКА ОБРАБОТКИ
17:37:54 | INFO     | ============================================================
17:37:54 | INFO     | ✅ Успешно обработано: 5
17:37:54 | INFO     | 🔄 Тестовых данных: 0
17:37:54 | INFO     | 📦 Всего товаров: 5
17:37:54 | INFO     | ⏱️ Время выполнения: 13.80 сек
17:37:54 | INFO     | ============================================================
17:37:54 | INFO     | 📧 ГЕНЕРАЦИЯ ДНЕВНОГО ОТЧЕТА
17:37:54 | INFO     | ============================================================
17:37:54 | INFO     | ✅ ОБРАБОТКА ЗАВЕРШЕНА. Обработано товаров: 5
17:37:54 | INFO     | ============================================================
17:41:18 | INFO     | ============================================================
17:41:18 | INFO     | ЗАПУСК СИСТЕМЫ МОНИТОРИНГА ЦЕН (УЧЕБНАЯ ВЕРСИЯ)
17:41:18 | INFO     | ============================================================
17:41:18 | INFO     | ✅ Конфигурация успешно загружена
17:41:18 | INFO     | ✅ База данных инициализирована: data\prices.db
17:41:18 | INFO     | ✅ Все компоненты системы инициализированы
17:41:18 | INFO     | ============================================================
17:41:18 | INFO     | ============================================================
17:41:18 | INFO     | 🔄 ЗАПУСК В РЕЖИМЕ ОДНОКРАТНОЙ ОБРАБОТКИ
17:41:18 | INFO     | ============================================================
17:41:18 | INFO     | 🔍 Обработка: A Light in the Attic (книга)
17:41:18 | INFO     |    URL: https://books.toscrape.com/catalogue/a-light-in-the-attic_1000/index.html
17:41:18 | INFO     | 💰 Текущая цена: 51.77 GBP
17:41:18 | INFO     | ⏸️ Цена не изменилась: 51.77
17:41:20 | INFO     | 🔍 Обработка: Tipping the Velvet (книга)
17:41:20 | INFO     |    URL: https://books.toscrape.com/catalogue/tipping-the-velvet_999/index.html
17:41:21 | INFO     | 💰 Текущая цена: 53.74 GBP
17:41:21 | INFO     | ⏸️ Цена не изменилась: 53.74
17:41:23 | INFO     | 🔍 Обработка: Soumission (книга)
17:41:23 | INFO     |    URL: https://books.toscrape.com/catalogue/soumission_998/index.html
17:41:23 | INFO     | 💰 Текущая цена: 50.10 GBP
17:41:23 | INFO     | ⏸️ Цена не изменилась: 50.10
17:41:23 | INFO     | 🔔 Уведомление: цена ниже порога (50.10 < 55.00)
17:41:25 | INFO     | 🔍 Обработка: Random Quote (цитаты)
17:41:25 | INFO     |    URL: https://quotes.toscrape.com/
17:41:26 | INFO     | 💰 Текущая цена: 10.62 RUB
17:41:26 | INFO     | 📉 Цена снизилась: 86.47 -> 10.62 (-87.72%)
17:41:26 | INFO     | 🔔 Уведомление: цена ниже порога (10.62 < 100.00)
17:41:28 | INFO     | 🔍 Обработка: HTTP Test (тестовый)
17:41:28 | INFO     |    URL: https://httpbin.org/anything
17:41:29 | INFO     | 💰 Текущая цена: 596.20 RUB
17:41:29 | INFO     | 📉 Цена снизилась: 1390.56 -> 596.20 (-57.13%)
17:41:29 | INFO     | 🔔 Уведомление: цена ниже порога (596.20 < 1000.00)
17:41:31 | INFO     | ============================================================
17:41:31 | INFO     | 📊 СТАТИСТИКА ОБРАБОТКИ
17:41:31 | INFO     | ============================================================
17:41:31 | INFO     | ✅ Успешно обработано: 5
17:41:31 | INFO     | 🔄 Тестовых данных: 0
17:41:31 | INFO     | 📦 Всего товаров: 5
17:41:31 | INFO     | ⏱️ Время выполнения: 12.83 сек
17:41:31 | INFO     | ============================================================
17:41:31 | INFO     | 📧 ГЕНЕРАЦИЯ ДНЕВНОГО ОТЧЕТА
17:41:31 | INFO     | ✅ Дневной отчет отправлен
17:41:31 | INFO     | ============================================================
17:41:31 | INFO     | ✅ ОБРАБОТКА ЗАВЕРШЕНА. Обработано товаров: 5
17:41:31 | INFO     | ============================================================
17:54:18 | INFO     | ============================================================
17:54:18 | INFO     | ЗАПУСК СИСТЕМЫ МОНИТОРИНГА ЦЕН (УЧЕБНАЯ ВЕРСИЯ)
17:54:18 | INFO     | ============================================================
17:54:18 | INFO     | ✅ Конфигурация успешно загружена
17:54:18 | INFO     | ✅ База данных инициализирована: data\prices.db
17:54:18 | INFO     | ✅ Все компоненты системы инициализированы
17:54:18 | INFO     | ============================================================
17:54:18 | INFO     | ============================================================
17:54:18 | INFO     | 🔄 ЗАПУСК В РЕЖИМЕ ОДНОКРАТНОЙ ОБРАБОТКИ
17:54:18 | INFO     | ============================================================
17:54:18 | INFO     | 🔍 Обработка: A Light in the Attic (книга)
17:54:18 | INFO     |    URL: https://books.toscrape.com/catalogue/a-light-in-the-attic_1000/index.html
17:54:18 | INFO     | 💰 Текущая цена: 51.77 GBP
17:54:18 | INFO     | ⏸️ Цена не изменилась: 51.77
17:54:20 | INFO     | 🔍 Обработка: Tipping the Velvet (книга)
17:54:20 | INFO     |    URL: https://books.toscrape.com/catalogue/tipping-the-velvet_999/index.html
17:54:21 | INFO     | 💰 Текущая цена: 53.74 GBP
17:54:21 | INFO     | ⏸️ Цена не изменилась: 53.74
17:54:23 | INFO     | 🔍 Обработка: Soumission (книга)
17:54:23 | INFO     |    URL: https://books.toscrape.com/catalogue/soumission_998/index.html
17:54:23 | INFO     | 💰 Текущая цена: 50.10 GBP
17:54:23 | INFO     | ⏸️ Цена не изменилась: 50.10
17:54:23 | INFO     | 🔔 Уведомление: цена ниже порога (50.10 < 55.00)
17:54:25 | INFO     | 🔍 Обработка: Random Quote (цитаты)
17:54:25 | INFO     |    URL: https://quotes.toscrape.com/
17:54:26 | INFO     | 💰 Текущая цена: 10.83 RUB
17:54:26 | INFO     | 📈 Цена повысилась: 10.62 -> 10.83 (+1.99%)
17:54:26 | INFO     | 🔔 Уведомление: цена ниже порога (10.83 < 100.00)
17:54:28 | INFO     | 🔍 Обработка: HTTP Test (тестовый)
17:54:28 | INFO     |    URL: https://httpbin.org/anything
17:54:29 | INFO     | 💰 Текущая цена: 944.64 RUB
17:54:29 | INFO     | 📈 Цена повысилась: 596.20 -> 944.64 (+58.44%)
17:54:29 | INFO     | 🔔 Уведомление: цена ниже порога (944.64 < 1000.00)
17:54:31 | INFO     | ============================================================
17:54:31 | INFO     | 📊 СТАТИСТИКА ОБРАБОТКИ
17:54:31 | INFO     | ============================================================
17:54:31 | INFO     | ✅ Успешно обработано: 5
17:54:31 | INFO     | 🔄 Тестовых данных: 0
17:54:31 | INFO     | 📦 Всего товаров: 5
17:54:31 | INFO     | ⏱️ Время выполнения: 12.88 сек
17:54:31 | INFO     | ============================================================
17:54:31 | INFO     | 📧 ГЕНЕРАЦИЯ ДНЕВНОГО ОТЧЕТА
17:54:31 | INFO     | ✅ Дневной отчет отправлен
17:54:31 | INFO     | ============================================================
17:54:31 | INFO     | ✅ ОБРАБОТКА ЗАВЕРШЕНА. Обработано товаров: 5
17:54:31 | INFO     | ============================================================
